14:12:37.089 [main] INFO  TestCases.TC_001_AccountRegistrationTest - Clicked on MyAccount
14:12:38.088 [main] INFO  TestCases.TC_001_AccountRegistrationTest - Clicked on Register
14:12:38.094 [main] INFO  TestCases.TC_001_AccountRegistrationTest - Providing customer details
14:12:50.897 [main] INFO  TestCases.TC_001_AccountRegistrationTest - Starting verify_account_registration
14:12:51.046 [main] INFO  TestCases.TC_001_AccountRegistrationTest - Clicked on MyAccount
14:12:51.815 [main] INFO  TestCases.TC_001_AccountRegistrationTest - Clicked on Register
14:12:51.816 [main] INFO  TestCases.TC_001_AccountRegistrationTest - Providing customer details
14:14:50.426 [main] INFO  TestCases.TC_001_AccountRegistrationTest - Starting verify_account_registration
14:14:50.584 [main] INFO  TestCases.TC_001_AccountRegistrationTest - Clicked on MyAccount
14:14:51.499 [main] INFO  TestCases.TC_001_AccountRegistrationTest - Clicked on Register
14:14:51.504 [main] INFO  TestCases.TC_001_AccountRegistrationTest - Providing customer details
14:15:01.075 [main] INFO  TestCases.TC_001_AccountRegistrationTest - Starting verify_account_registration
14:15:01.337 [main] INFO  TestCases.TC_001_AccountRegistrationTest - Clicked on MyAccount
14:15:02.218 [main] INFO  TestCases.TC_001_AccountRegistrationTest - Clicked on Register
14:15:02.218 [main] INFO  TestCases.TC_001_AccountRegistrationTest - Providing customer details
17:43:11.082 [main] INFO  TestCases.TC_001_AccountRegistrationTest - Starting verify_account_registration
17:43:11.311 [main] INFO  TestCases.TC_001_AccountRegistrationTest - Clicked on MyAccount
17:43:12.729 [main] INFO  TestCases.TC_001_AccountRegistrationTest - Clicked on Register
17:43:12.736 [main] INFO  TestCases.TC_001_AccountRegistrationTest - Providing customer details
17:43:20.072 [main] INFO  TestCases.TC_002_LoginTest - Starting Login Test
17:43:22.906 [main] INFO  TestCases.TC_002_LoginTest - Finished Login Test
17:43:30.225 [main] INFO  TestCases.TC_003_LoginTestDDT - Starting TC_003_LoginTestDDT
17:43:34.282 [main] INFO  TestCases.TC_003_LoginTestDDT - Finished TC_003_LoginTestDDT
17:43:34.284 [main] INFO  TestCases.TC_003_LoginTestDDT - Starting TC_003_LoginTestDDT
17:43:38.053 [main] INFO  TestCases.TC_003_LoginTestDDT - Finished TC_003_LoginTestDDT
17:43:38.056 [main] INFO  TestCases.TC_003_LoginTestDDT - Starting TC_003_LoginTestDDT
17:43:42.331 [main] INFO  TestCases.TC_003_LoginTestDDT - Finished TC_003_LoginTestDDT
17:43:42.334 [main] INFO  TestCases.TC_003_LoginTestDDT - Starting TC_003_LoginTestDDT
17:43:54.551 [main] INFO  TestCases.TC_003_LoginTestDDT - Finished TC_003_LoginTestDDT
17:43:54.555 [main] INFO  TestCases.TC_003_LoginTestDDT - Starting TC_003_LoginTestDDT
17:43:58.742 [main] INFO  TestCases.TC_003_LoginTestDDT - Finished TC_003_LoginTestDDT
17:43:58.745 [main] INFO  TestCases.TC_003_LoginTestDDT - Starting TC_003_LoginTestDDT
17:44:11.206 [main] INFO  TestCases.TC_003_LoginTestDDT - Finished TC_003_LoginTestDDT
16:49:53.938 [main] INFO  TestCases.TC_001_AccountRegistrationTest - Starting verify_account_registration
16:49:54.081 [main] INFO  TestCases.TC_001_AccountRegistrationTest - Clicked on MyAccount
16:49:55.039 [main] INFO  TestCases.TC_001_AccountRegistrationTest - Clicked on Register
16:49:55.043 [main] INFO  TestCases.TC_001_AccountRegistrationTest - Providing customer details
16:50:01.229 [main] INFO  TestCases.TC_002_LoginTest - Starting Login Test
16:50:07.401 [main] INFO  TestCases.TC_002_LoginTest - Finished Login Test
16:50:12.440 [main] INFO  TestCases.TC_003_LoginTestDDT - Starting TC_003_LoginTestDDT
16:50:15.557 [main] INFO  TestCases.TC_003_LoginTestDDT - Finished TC_003_LoginTestDDT
16:50:15.559 [main] INFO  TestCases.TC_003_LoginTestDDT - Starting TC_003_LoginTestDDT
16:50:18.533 [main] INFO  TestCases.TC_003_LoginTestDDT - Finished TC_003_LoginTestDDT
16:50:18.535 [main] INFO  TestCases.TC_003_LoginTestDDT - Starting TC_003_LoginTestDDT
16:50:21.698 [main] INFO  TestCases.TC_003_LoginTestDDT - Finished TC_003_LoginTestDDT
16:50:21.701 [main] INFO  TestCases.TC_003_LoginTestDDT - Starting TC_003_LoginTestDDT
16:50:32.822 [main] INFO  TestCases.TC_003_LoginTestDDT - Finished TC_003_LoginTestDDT
16:50:32.823 [main] INFO  TestCases.TC_003_LoginTestDDT - Starting TC_003_LoginTestDDT
16:50:35.606 [main] INFO  TestCases.TC_003_LoginTestDDT - Finished TC_003_LoginTestDDT
16:50:35.607 [main] INFO  TestCases.TC_003_LoginTestDDT - Starting TC_003_LoginTestDDT
16:50:46.551 [main] INFO  TestCases.TC_003_LoginTestDDT - Finished TC_003_LoginTestDDT
17:15:49.503 [main] INFO  TestCases.TC_001_AccountRegistrationTest - Starting verify_account_registration
17:15:49.627 [main] INFO  TestCases.TC_001_AccountRegistrationTest - Clicked on MyAccount
17:15:50.542 [main] INFO  TestCases.TC_001_AccountRegistrationTest - Clicked on Register
17:15:50.547 [main] INFO  TestCases.TC_001_AccountRegistrationTest - Providing customer details
